Determining if the function sgemm_ exists failed with the following output:
Change Dir: /home/anreydron/CLionProjects/diplom_na_sda4u/build/CMakeFiles/CMakeTmp

Run Build Command(s):/usr/bin/make -f Makefile cmTC_215e4/fast && /usr/bin/make  -f CMakeFiles/cmTC_215e4.dir/build.make CMakeFiles/cmTC_215e4.dir/build
make[1]: Entering directory '/home/anreydron/CLionProjects/diplom_na_sda4u/build/CMakeFiles/CMakeTmp'
Building C object CMakeFiles/cmTC_215e4.dir/CheckFunctionExists.c.o
/usr/bin/cc   -DCHECK_FUNCTION_EXISTS=sgemm_ -o CMakeFiles/cmTC_215e4.dir/CheckFunctionExists.c.o -c /usr/local/share/cmake-3.20/Modules/CheckFunctionExists.c
Linking C executable cmTC_215e4
/usr/local/bin/cmake -E cmake_link_script CMakeFiles/cmTC_215e4.dir/link.txt --verbose=1
/usr/bin/cc  -DCHECK_FUNCTION_EXISTS=sgemm_ CMakeFiles/cmTC_215e4.dir/CheckFunctionExists.c.o -o cmTC_215e4 
CMakeFiles/cmTC_215e4.dir/CheckFunctionExists.c.o: In function `main':
CheckFunctionExists.c:(.text+0x10): undefined reference to `sgemm_'
collect2: error: ld returned 1 exit status
CMakeFiles/cmTC_215e4.dir/build.make:98: recipe for target 'cmTC_215e4' failed
make[1]: *** [cmTC_215e4] Error 1
make[1]: Leaving directory '/home/anreydron/CLionProjects/diplom_na_sda4u/build/CMakeFiles/CMakeTmp'
Makefile:127: recipe for target 'cmTC_215e4/fast' failed
make: *** [cmTC_215e4/fast] Error 2



Performing C SOURCE FILE Test CMAKE_HAVE_LIBC_PTHREAD failed with the following output:
Change Dir: /home/anreydron/CLionProjects/diplom_na_sda4u/build/CMakeFiles/CMakeTmp

Run Build Command(s):/usr/bin/make -f Makefile cmTC_9c87a/fast && /usr/bin/make  -f CMakeFiles/cmTC_9c87a.dir/build.make CMakeFiles/cmTC_9c87a.dir/build
make[1]: Entering directory '/home/anreydron/CLionProjects/diplom_na_sda4u/build/CMakeFiles/CMakeTmp'
Building C object CMakeFiles/cmTC_9c87a.dir/src.c.o
/usr/bin/cc -DCMAKE_HAVE_LIBC_PTHREAD   -o CMakeFiles/cmTC_9c87a.dir/src.c.o -c /home/anreydron/CLionProjects/diplom_na_sda4u/build/CMakeFiles/CMakeTmp/src.c
Linking C executable cmTC_9c87a
/usr/local/bin/cmake -E cmake_link_script CMakeFiles/cmTC_9c87a.dir/link.txt --verbose=1
/usr/bin/cc CMakeFiles/cmTC_9c87a.dir/src.c.o -o cmTC_9c87a 
CMakeFiles/cmTC_9c87a.dir/src.c.o: In function `main':
src.c:(.text+0x3e): undefined reference to `pthread_create'
src.c:(.text+0x4a): undefined reference to `pthread_detach'
src.c:(.text+0x56): undefined reference to `pthread_cancel'
src.c:(.text+0x67): undefined reference to `pthread_join'
src.c:(.text+0x7b): undefined reference to `pthread_atfork'
collect2: error: ld returned 1 exit status
CMakeFiles/cmTC_9c87a.dir/build.make:98: recipe for target 'cmTC_9c87a' failed
make[1]: *** [cmTC_9c87a] Error 1
make[1]: Leaving directory '/home/anreydron/CLionProjects/diplom_na_sda4u/build/CMakeFiles/CMakeTmp'
Makefile:127: recipe for target 'cmTC_9c87a/fast' failed
make: *** [cmTC_9c87a/fast] Error 2


Source file was:
#include <pthread.h>

static void* test_func(void* data)
{
  return data;
}

int main(void)
{
  pthread_t thread;
  pthread_create(&thread, NULL, test_func, NULL);
  pthread_detach(thread);
  pthread_cancel(thread);
  pthread_join(thread, NULL);
  pthread_atfork(NULL, NULL, NULL);
  pthread_exit(NULL);

  return 0;
}

Determining if the function pthread_create exists in the pthreads failed with the following output:
Change Dir: /home/anreydron/CLionProjects/diplom_na_sda4u/build/CMakeFiles/CMakeTmp

Run Build Command(s):/usr/bin/make -f Makefile cmTC_f19fc/fast && /usr/bin/make  -f CMakeFiles/cmTC_f19fc.dir/build.make CMakeFiles/cmTC_f19fc.dir/build
make[1]: Entering directory '/home/anreydron/CLionProjects/diplom_na_sda4u/build/CMakeFiles/CMakeTmp'
Building C object CMakeFiles/cmTC_f19fc.dir/CheckFunctionExists.c.o
/usr/bin/cc   -DCHECK_FUNCTION_EXISTS=pthread_create -o CMakeFiles/cmTC_f19fc.dir/CheckFunctionExists.c.o -c /usr/local/share/cmake-3.20/Modules/CheckFunctionExists.c
Linking C executable cmTC_f19fc
/usr/local/bin/cmake -E cmake_link_script CMakeFiles/cmTC_f19fc.dir/link.txt --verbose=1
/usr/bin/cc  -DCHECK_FUNCTION_EXISTS=pthread_create CMakeFiles/cmTC_f19fc.dir/CheckFunctionExists.c.o -o cmTC_f19fc  -lpthreads 
/usr/bin/ld: cannot find -lpthreads
collect2: error: ld returned 1 exit status
CMakeFiles/cmTC_f19fc.dir/build.make:98: recipe for target 'cmTC_f19fc' failed
make[1]: *** [cmTC_f19fc] Error 1
make[1]: Leaving directory '/home/anreydron/CLionProjects/diplom_na_sda4u/build/CMakeFiles/CMakeTmp'
Makefile:127: recipe for target 'cmTC_f19fc/fast' failed
make: *** [cmTC_f19fc/fast] Error 2



Determining if the function cheev_ exists failed with the following output:
Change Dir: /home/anreydron/CLionProjects/diplom_na_sda4u/build/CMakeFiles/CMakeTmp

Run Build Command(s):/usr/bin/make -f Makefile cmTC_e7305/fast && /usr/bin/make  -f CMakeFiles/cmTC_e7305.dir/build.make CMakeFiles/cmTC_e7305.dir/build
make[1]: Entering directory '/home/anreydron/CLionProjects/diplom_na_sda4u/build/CMakeFiles/CMakeTmp'
Building C object CMakeFiles/cmTC_e7305.dir/CheckFunctionExists.c.o
/usr/bin/cc   -DCHECK_FUNCTION_EXISTS=cheev_ -o CMakeFiles/cmTC_e7305.dir/CheckFunctionExists.c.o -c /usr/local/share/cmake-3.20/Modules/CheckFunctionExists.c
Linking C executable cmTC_e7305
/usr/local/bin/cmake -E cmake_link_script CMakeFiles/cmTC_e7305.dir/link.txt --verbose=1
/usr/bin/cc  -DCHECK_FUNCTION_EXISTS=cheev_ CMakeFiles/cmTC_e7305.dir/CheckFunctionExists.c.o -o cmTC_e7305  /usr/lib/x86_64-linux-gnu/libblas.so /usr/lib/x86_64-linux-gnu/libf77blas.so /usr/lib/x86_64-linux-gnu/libatlas.so -lpthread -lm -ldl 
CMakeFiles/cmTC_e7305.dir/CheckFunctionExists.c.o: In function `main':
CheckFunctionExists.c:(.text+0x10): undefined reference to `cheev_'
collect2: error: ld returned 1 exit status
CMakeFiles/cmTC_e7305.dir/build.make:101: recipe for target 'cmTC_e7305' failed
make[1]: *** [cmTC_e7305] Error 1
make[1]: Leaving directory '/home/anreydron/CLionProjects/diplom_na_sda4u/build/CMakeFiles/CMakeTmp'
Makefile:127: recipe for target 'cmTC_e7305/fast' failed
make: *** [cmTC_e7305/fast] Error 2



